2025-10-22 15:16:12.768 - DBeaver 25.2.2.202510052342 is starting
2025-10-22 15:16:12.769 - OS: Windows 10 10.0 (amd64)
2025-10-22 15:16:12.769 - Java version: 21.0.8 by Eclipse Adoptium (64bit)
2025-10-22 15:16:12.769 - Install path: 'C:\Program Files\DBeaver'
2025-10-22 15:16:12.769 - Instance path: 'file:/C:/workspace/02_DB/'
2025-10-22 15:16:12.770 - Memory available 64Mb/1024Mb
2025-10-22 15:16:12.777 - Create display
2025-10-22 15:16:12.854 - Initialize desktop platform...
2025-10-22 15:16:12.946 - BounceCastle bundle found. Use JCE provider BC
> Start Core File Systems [org.eclipse.core.filesystem 1.11.300.v20250607-0645]
> Start Core Resource Management [org.eclipse.core.resources 3.23.0.v20250729-1759]
> Start 팀 지원 핵심 [org.eclipse.team.core 3.10.800.v20250610-0708]
> Start DBeaver UI Navigator [org.jkiss.dbeaver.ui.navigator 1.0.164.202510052342]
Warning: NLS unused message: WorkbenchPreference_reuseEditorsThreshold in: org.eclipse.ui.internal.messages
Warning: NLS unused message: 이유 in: org.eclipse.ui.internal.messages
2025-10-22 15:16:13.179 - Initialize base platform...
2025-10-22 15:16:13.200 - Platform initialized (346ms)
2025-10-22 15:16:13.237 - Starting instance server at http://localhost:61510
2025-10-22 15:16:13.242 - Run workbench
> Start Eclipse e4 작업영역 SWT [org.eclipse.e4.ui.workbench.swt 0.17.900.v20250612-1000]
> Start Eclipse Application Services [org.eclipse.e4.core.services 2.5.200.v20250326-1945]
> Start Eclipse UI Application Services [org.eclipse.e4.ui.services 1.6.500.v20250123-0754]
> Start Eclipse e4 Progress View [org.eclipse.e4.ui.progress 0.4.800.v20250422-1254]
> Start Eclipse Bindings Support [org.eclipse.e4.ui.bindings 0.14.700.v20250612-1000]
> Start Eclipse e4 core commands [org.eclipse.e4.core.commands 1.1.600.v20250307-1331]
> Start EMF XML/XMI Persistence [org.eclipse.emf.ecore.xmi 2.39.0.v20250414-1351]
> Start Eclipse CSS SWT Theme Support [org.eclipse.e4.ui.css.swt.theme 0.14.500.v20250213-1508]
> Start Eclipse e4 작업영역 기능 추가 [org.eclipse.e4.ui.workbench.addons.swt 1.5.800.v20250701-0653]
> Start Eclipse e4 작업영역 SWT 렌더러 [org.eclipse.e4.ui.workbench.renderers.swt 0.16.900.v20250828-1028]
> Start Eclipse Dependency Injection Extensions [org.eclipse.e4.core.di.extensions 0.18.300.v20240413-1529]
> Start DBeaver AI Model [org.jkiss.dbeaver.model.ai 2.0.7.202510052342]
> Start DBeaver AI UI [org.jkiss.dbeaver.ui.ai 1.0.66.202510052342]
> Start Eclipse CSS SWT Support [org.eclipse.e4.ui.css.swt 0.15.600.v20250409-1135]
2025-10-22 15:16:14.132 - Configure workbench window
> Start DBeaver SQL Model [org.jkiss.dbeaver.model.sql 1.0.154.202510052342]
2025-10-22 15:16:14.224 - Total database drivers: 128 (128)
> Start 도움말 시스템 코어 [org.eclipse.help 3.10.600.v20250613-0437]
2025-10-22 15:16:14.276 - Create actions
2025-10-22 15:16:14.285 - Disable Eclipse action set 'org.eclipse.ui.edit.text.actionSet.annotationNavigation'
2025-10-22 15:16:14.285 - Disable Eclipse action set 'org.eclipse.ui.WorkingSetActionSet'
2025-10-22 15:16:14.285 - Disable Eclipse action set 'org.eclipse.ui.actionSet.openFiles'
2025-10-22 15:16:14.285 - Create workbench actions
> Start 기본 문서 편집기 [org.eclipse.ui.editors 3.20.100.v20250814-1056]
> Start 텍스트 편집기 프레임워크 [org.eclipse.ui.workbench.texteditor 3.19.300.v20250815-0722]
2025-10-22 15:16:15.129 - Initialize workbench window
2025-10-22 15:16:15.131 - Finish initialization
> Start DBeaver UI Editors - Data [org.jkiss.dbeaver.ui.editors.data 1.0.164.202510052342]
> Start Equinox Java Authentication and Authorization Service (JAAS) [org.eclipse.equinox.security 1.4.700.v20250622-1644]
> Start 인터넷 연결 관리 사용자 인터페이스 [org.eclipse.ui.net 1.5.500.v20250611-0855]
> Start Internet Connection Management [org.eclipse.core.net 1.5.800.v20250613-1119]
> Start DBeaver UI Editors - SQL [org.jkiss.dbeaver.ui.editors.sql 1.0.164.202510052342]
> Start DBeaver Dashboard UI [org.jkiss.dbeaver.ui.dashboard 1.0.161.202510052342]
> Start GEF Classic Draw2d [org.eclipse.draw2d 3.20.100.202508011427]
> Start GEF Classic GEF (MVC) [org.eclipse.gef 3.23.0.202507261623]
> Start DBeaver ERD UI [org.jkiss.dbeaver.ui.editors.erd 3.1.5.202510052342]
> Start DBeaver ERD Model [org.jkiss.dbeaver.model.erd 1.1.5.202510052342]
> Start DBeaver Sample Database [org.jkiss.dbeaver.ui.config.sample 1.0.201.202510052342]
2025-10-22 15:16:20.613 - Open [https://dbeaver.io/product/version.xml]
Warning: NLS unused message: FindReplace_RegExCheckbox_label in: org.eclipse.ui.texteditor.EditorMessages
Warning: NLS unused message: FindReplace_WrapCheckBox_label in: org.eclipse.ui.texteditor.EditorMessages
Warning: NLS unused message: FindReplace_IncrementalCheckBox_label in: org.eclipse.ui.texteditor.EditorMessages
Warning: NLS unused message: FindReplace_Options in: org.eclipse.ui.texteditor.EditorMessages
Warning: NLS unused message: FindReplace_ReplaceSelectionButton_label in: org.eclipse.ui.texteditor.EditorMessages
Warning: NLS unused message: FindReplace_SelectedRangeRadioButton_label in: org.eclipse.ui.texteditor.EditorMessages
Warning: NLS unused message: FindReplace_SelectAllButton_label in: org.eclipse.ui.texteditor.EditorMessages
Warning: NLS unused message: FindReplace_GlobalRadioButton_label in: org.eclipse.ui.texteditor.EditorMessages
Warning: NLS unused message: FindReplace_WholeWordCheckBox_label in: org.eclipse.ui.texteditor.EditorMessages
Warning: NLS unused message: FindReplace_ReplaceFindButton_label in: org.eclipse.ui.texteditor.EditorMessages
Warning: NLS unused message: FindReplace_BackwardRadioButton_label in: org.eclipse.ui.texteditor.EditorMessages
Warning: NLS unused message: FindReplace_CloseButton_label in: org.eclipse.ui.texteditor.EditorMessages
Warning: NLS unused message: FindReplace_Replace_label in: org.eclipse.ui.texteditor.EditorMessages
Warning: NLS unused message: FindReplace_CaseCheckBox_label in: org.eclipse.ui.texteditor.EditorMessages
Warning: NLS unused message: FindReplace_Status_replacements_label in: org.eclipse.ui.texteditor.EditorMessages
Warning: NLS unused message: FindReplace_title in: org.eclipse.ui.texteditor.EditorMessages
Warning: NLS unused message: FindReplace_Direction in: org.eclipse.ui.texteditor.EditorMessages
Warning: NLS unused message: FindReplace_ReplaceAllButton_label in: org.eclipse.ui.texteditor.EditorMessages
Warning: NLS unused message: FindReplace_Scope in: org.eclipse.ui.texteditor.EditorMessages
Warning: NLS unused message: FindReplace_Find_label in: org.eclipse.ui.texteditor.EditorMessages
Warning: NLS unused message: FindReplace_ForwardRadioButton_label in: org.eclipse.ui.texteditor.EditorMessages
Warning: NLS unused message: FindReplace_FindNextButton_label in: org.eclipse.ui.texteditor.EditorMessages
> Start DBeaver SQL Terminal [org.jkiss.dbeaver.ui.editors.sql.terminal 1.0.140.202510052342]
> Start 핵심 비교 지원 [org.eclipse.compare.core 3.8.800.v20250718-1505]
> Start 콘솔 [org.eclipse.ui.console 3.14.400.v20250607-0653]
> Start 디버그 핵심 [org.eclipse.debug.core 3.23.100.v20250811-0711]
> Start DBeaver SQL Language Semantic Model [org.jkiss.dbeaver.model.lsm 1.0.59.202510052342]
2025-10-22 15:16:44.720 - Dispose navigator model
2025-10-22 15:16:44.773 - DBeaver is stopping
2025-10-22 15:16:44.776 - Stop instance server
2025-10-22 15:16:45.781 - Instance server has been stopped
2025-10-22 15:16:45.781 - DBeaver shutdown completed
